# COSIGN_EXPERIMENTAL=1 cosign attest --predicate   xtech-CycloneDX.sbom     \
    --oidc-issuer "https://oauth2.sigstore.dev/auth" \
    --fulcio-url "https://fulcio.sigstore.dev" \
    --rekor-url "https://rekor.sigstore.dev" \
docker.io/sbelgard/xtech:docker.hub@sha256:7da9c442757327f40070ce24f86cdb6f776b4c5752a5182c188bd2f72a0a4f8a > attest-CyclonDX.log
Generating ephemeral keys...
Retrieving signed certificate...

        Note that there may be personally identifiable information associated with this signed artifact.
        This may include the email address associated with the account with which you authenticate.
        This information will be used for signing this artifact and will be stored in public transparency logs and cannot be removed later.

By typing 'y', you attest that you grant (or have permission to grant) and agree to have this information stored permanently in transparency logs.
Are you sure you would like to continue? [y/N] y
Your browser will now be opened to:
https://oauth2.sigstore.dev/auth/auth?access_type=online&client_id=sigstore&code_challenge=DBSHZGUuRmtdg80tm-j7FgKcqqCUaq1nyiTmoKtpvjg&code_challenge_method=S256&nonce=2Zrnspv8kQhSp99k0KIXQBh6y3I&redirect_uri=http%3A%2F%2Flocalhost%3A42541%2Fauth%2Fcallback&response_type=code&scope=openid+email&state=2ZrnskdIkT64f8AMZlTaQ8Bq79O   
Successfully verified SCT...
Using payload from: xtech-CycloneDX.sbom
using ephemeral certificate:
-----BEGIN CERTIFICATE-----
MIIC1jCCAlugAwIBAgIUA3J2AoOJuaUzTovytAnlu0iw2hUwCgYIKoZIzj0EAwMw
NzEVMBMGA1UEChMMc2lnc3RvcmUuZGV2MR4wHAYDVQQDExVzaWdzdG9yZS1pbnRl
cm1lZGlhdGUwHhcNMjMxMjIxMjAwNzU3WhcNMjMxMjIxMjAxNzU3WjAAMFkwEwYH
KoZIzj0CAQYIKoZIzj0DAQcDQgAEJHL/fn9di+6UPHtJJpZbf2dgd7bFW2ge3XBr
iuWRLwOF346j6hnLGnce3NCUKeC0moJkMBRlZnJXQOGszlNihKOCAXowggF2MA4G
A1UdDwEB/wQEAwIHgDATBgNVHSUEDDAKBggrBgEFBQcDAzAdBgNVHQ4EFgQUGhFp
RNzsmbbHDc47OLdS0ncdHPowHwYDVR0jBBgwFoAU39Ppz1YkEZb5qNjpKFWixi4Y
ZD8wJQYDVR0RAQH/BBswGYEXYmVsZ2FyZC5zY290dEBnbWFpbC5jb20wLAYKKwYB
BAGDvzABAQQeaHR0cHM6Ly9naXRodWIuY29tL2xvZ2luL29hdXRoMC4GCisGAQQB
g78wAQgEIAweaHR0cHM6Ly9naXRodWIuY29tL2xvZ2luL29hdXRoMIGJBgorBgEE
AdZ5AgQCBHsEeQB3AHUA3T0wasbHETJjGR4cmWc3AqJKXrjePK3/h4pygC8p7o4A
AAGMjf3qPwAABAMARjBEAiAGdl9tDhiKVXKsRyh8agBCdZ8R4v888R0LsPJmY0v9
SwIgHIVJQTvYDnlk29zaOPk908WOxODjRku7C2/t7pY8JUgwCgYIKoZIzj0EAwMD
aQAwZgIxAIcb3Q0M1KmTflw3467rnRsYtBvdkY1NfkdG7+vee4WvThAkBhfz94c4
3nXwYnCjcwIxALdxfBb5oCiPW9L7+mu6UIp6vUQOPcAKTLCMMa+lgaB5QoTpXCyp
JctF2FMP8yuIBg==
-----END CERTIFICATE-----

tlog entry created with index: 58502261