# COSIGN_EXPERIMENTAL=1 cosign attest --predicate    docker.sbom     \
    --oidc-issuer "https://oauth2.sigstore.dev/auth" \
    --fulcio-url "https://fulcio.sigstore.dev" \
    --rekor-url "https://rekor.sigstore.dev" \
docker.io/sbelgard/xtech:docker.hub@sha256:7da9c442757327f40070ce24f86cdb6f776b4c5752a5182c188bd2f72a0a4f8a  > attest-docker.log
Generating ephemeral keys...
Retrieving signed certificate...

        Note that there may be personally identifiable information associated with this signed artifact.
        This may include the email address associated with the account with which you authenticate.
        This information will be used for signing this artifact and will be stored in public transparency logs and cannot be removed later.

By typing 'y', you attest that you grant (or have permission to grant) and agree to have this information stored permanently in transparency logs.
Are you sure you would like to continue? [y/N] y
Your browser will now be opened to:
https://oauth2.sigstore.dev/auth/auth?access_type=online&client_id=sigstore&code_challenge=eco04UWvlvRZsnf1nqC_Epi76QQpwcAASP8PfNOxQzw&code_challenge_method=S256&nonce=2Zro7lznbfE7PtWKdY58QhXC5wh&redirect_uri=http%3A%2F%2Flocalhost%3A45439%2Fauth%2Fcallback&response_type=code&scope=openid+email&state=2Zro7mZTgmHegQww6kgbxnyUNuU   
Successfully verified SCT...
Using payload from: docker.sbom
using ephemeral certificate:
-----BEGIN CERTIFICATE-----
MIIC1zCCAl2gAwIBAgIUJqh3rBdxBEnMM/SKyxjTTyVhGL8wCgYIKoZIzj0EAwMw
NzEVMBMGA1UEChMMc2lnc3RvcmUuZGV2MR4wHAYDVQQDExVzaWdzdG9yZS1pbnRl
cm1lZGlhdGUwHhcNMjMxMjIxMjAwOTU2WhcNMjMxMjIxMjAxOTU2WjAAMFkwEwYH
KoZIzj0CAQYIKoZIzj0DAQcDQgAEUKTCUgUeWABgB5Nub2Uq406Ni9rSaQdv095o
V5yc6PYgT5VB37nLPlCCTxv9xkMRjijoonzByJKdANTHojuHCaOCAXwwggF4MA4G
A1UdDwEB/wQEAwIHgDATBgNVHSUEDDAKBggrBgEFBQcDAzAdBgNVHQ4EFgQUKJH8
mqgV9LTlIR/nn2cHd4qht24wHwYDVR0jBBgwFoAU39Ppz1YkEZb5qNjpKFWixi4Y
ZD8wJQYDVR0RAQH/BBswGYEXYmVsZ2FyZC5zY290dEBnbWFpbC5jb20wLAYKKwYB
BAGDvzABAQQeaHR0cHM6Ly9naXRodWIuY29tL2xvZ2luL29hdXRoMC4GCisGAQQB
g78wAQgEIAweaHR0cHM6Ly9naXRodWIuY29tL2xvZ2luL29hdXRoMIGLBgorBgEE
AdZ5AgQCBH0EewB5AHcA3T0wasbHETJjGR4cmWc3AqJKXrjePK3/h4pygC8p7o4A
AAGMjf+8GgAABAMASDBGAiEA4kZnJM1wCoGgTK4azGTHMxnS/x6cn9j6g37D4KeV
wMwCIQDyqOu1oD5KZckwVTzccVZQ0dy4K4UIJRHA+kx1IMbKTzAKBggqhkjOPQQD
AwNoADBlAjEAiV8t3inOEemy/X3KFEXB7a82Oz3LD+WR+/JQyzqsi1zp6tEg/Ydp
SxmKvUJ3444tAjAjUtFI+F4iP7tQ8JXanPx/47CQRB4+tjVb8OwlWa3MpdNhXxEm
zUwyvoo3cvmFcOE=
-----END CERTIFICATE-----

tlog entry created with index: 58502437